c:\users\kopmuter\desktop\tp\draw2\draw\debug\project 4.pch
c:\users\kopmuter\desktop\tp\draw2\draw\debug\vc140.pdb
c:\users\kopmuter\desktop\tp\draw2\draw\debug\vc140.idb
c:\users\kopmuter\desktop\tp\draw2\draw\debug\stdafx.obj
c:\users\kopmuter\desktop\tp\draw2\draw\debug\draw2.obj
c:\users\kopmuter\desktop\tp\draw2\draw\debug\project 4.obj
c:\users\kopmuter\desktop\tp\draw2\debug\project 4.ilk
c:\users\kopmuter\desktop\tp\draw2\debug\project 4.exe
c:\users\kopmuter\desktop\tp\draw2\debug\project 4.pdb
c:\users\kopmuter\desktop\tp\draw2\draw\debug\draw2.res
c:\users\kopmuter\desktop\tp\draw2\draw\debug\project 4.res
c:\users\kopmuter\desktop\tp\draw2\draw\debug\draw2.obj.enc
c:\users\kopmuter\desktop\tp\draw2\draw\debug\project 4.obj.enc
c:\users\kopmuter\desktop\tp\draw2\draw\debug\draw2.pch
c:\users\kopmuter\desktop\tp\draw2\draw\debug\project 4.tlog\cl.command.1.tlog
c:\users\kopmuter\desktop\tp\draw2\draw\debug\project 4.tlog\cl.read.1.tlog
c:\users\kopmuter\desktop\tp\draw2\draw\debug\project 4.tlog\cl.write.1.tlog
c:\users\kopmuter\desktop\tp\draw2\draw\debug\project 4.tlog\link.command.1.tlog
c:\users\kopmuter\desktop\tp\draw2\draw\debug\project 4.tlog\link.read.1.tlog
c:\users\kopmuter\desktop\tp\draw2\draw\debug\project 4.tlog\link.write.1.tlog
c:\users\kopmuter\desktop\tp\draw2\draw\debug\project 4.tlog\rc.command.1.tlog
c:\users\kopmuter\desktop\tp\draw2\draw\debug\project 4.tlog\rc.read.1.tlog
c:\users\kopmuter\desktop\tp\draw2\draw\debug\project 4.tlog\rc.write.1.tlog
